<?xml version="1.0" encoding="UTF-8"?>
<!-- Generated by org.testng.reporters.JUnitReportReporter -->
<testsuite skipped="0" hostname="DESKTOP-QGIA4I3" name="seleniumCon.BrowserLaunch" tests="1" failures="0" timestamp="04 Sep 2021 07:19:32 GMT" time="13.882" errors="0">
  <testcase name="launchBrowser" time="13.882" classname="seleniumCon.BrowserLaunch"/>
</testsuite> <!-- seleniumCon.BrowserLaunch -->
